<?xml version="1.0" encoding="UTF-8"?>
<testsuite name="tests.TestsVac" tests="1" skipped="0" failures="0" errors="0" timestamp="2022-07-23T12:24:17" hostname="Anastasias-MacBook-Pro.local" time="13.648">
  <properties/>
  <testcase name="Check map of vacancy" classname="tests.TestsVac" time="13.648"/>
  <system-out><![CDATA[]]></system-out>
  <system-err><![CDATA[[Test worker] INFO com.codeborne.selenide.impl.WebDriverThreadLocalContainer - No webdriver is bound to current thread: 1 - let's create a new webdriver
[Test worker] INFO com.codeborne.selenide.impl.FileHelper - Creating folder: /Users/anastasia/IdeaProjects/qa_task_14/build/downloads/1658579057700_65604_1
[Test worker] INFO io.github.bonigarcia.wdm.WebDriverManager - Using chromedriver 103.0.5060.134 (resolved driver for Chrome 103)
[Test worker] INFO io.github.bonigarcia.wdm.WebDriverManager - Reading https://chromedriver.storage.googleapis.com/ to seek chromedriver
[Test worker] INFO io.github.bonigarcia.wdm.online.Downloader - Downloading https://chromedriver.storage.googleapis.com/103.0.5060.134/chromedriver_mac64.zip
[Test worker] INFO io.github.bonigarcia.wdm.online.Downloader - Extracting driver from compressed file chromedriver_mac64.zip
[Test worker] INFO io.github.bonigarcia.wdm.WebDriverManager - Exporting webdriver.chrome.driver as /Users/anastasia/.cache/selenium/chromedriver/mac64/103.0.5060.134/chromedriver
[Test worker] INFO com.codeborne.selenide.webdriver.SelenideNettyClientFactory - Changed readTimeout from PT3M to PT1M30S
Starting ChromeDriver 103.0.5060.134 (8ec6fce403b3feb0869b0732eda8bd95011d333c-refs/branch-heads/5060@{#1262}) on port 51453
Only local connections are allowed.
Please see https://chromedriver.chromium.org/security-considerations for suggestions on keeping ChromeDriver safe.
ChromeDriver was started successfully.
Jul 23, 2022 3:24:24 PM org.openqa.selenium.remote.ProtocolHandshake createSession
INFO: Detected dialect: W3C
[Test worker] INFO com.codeborne.selenide.webdriver.SelenideNettyClientFactory - Changed readTimeout from PT3M to PT1M30S
[Test worker] INFO com.codeborne.selenide.webdriver.SelenideNettyClientFactory - Changed readTimeout from PT3M to PT1M30S
Jul 23, 2022 3:24:25 PM org.openqa.selenium.devtools.CdpVersionFinder findNearestMatch
WARNING: Unable to find an exact match for CDP version 103, so returning the closest version found: 101
Jul 23, 2022 3:24:25 PM org.openqa.selenium.devtools.CdpVersionFinder findNearestMatch
INFO: Found CDP implementation for version 103 of 101
[Test worker] INFO com.codeborne.selenide.webdriver.BrowserResizer - Set browser size to 1920x1080
[Test worker] INFO com.codeborne.selenide.webdriver.WebDriverFactory - BrowserName=chrome Version=103.0.5060.134 Platform=MAC
[Test worker] INFO com.codeborne.selenide.webdriver.WebDriverFactory - Selenide v. 6.5.0
[Test worker] INFO com.codeborne.selenide.webdriver.WebDriverFactory - Selenium WebDriver v. 4.1.4 build revision: 535d840ee2
[Test worker] INFO com.codeborne.selenide.drivercommands.CreateDriverCommand - Created webdriver in thread 1: ChromeDriver -> ChromeDriver: chrome on MAC (327d92e04ff7524a77faa43dea724296)
[Test worker] INFO com.codeborne.selenide.drivercommands.CloseDriverCommand - Close webdriver: 1 -> ChromeDriver: chrome on MAC (327d92e04ff7524a77faa43dea724296)...
[Test worker] INFO com.codeborne.selenide.drivercommands.CloseDriverCommand - Closed webdriver 1 in 231 ms
]]></system-err>
</testsuite>
